app/build/intermediates/manifest_merge_blame_file/debug/manifest-merger-blame-debug-report.txt
1<?xml version="1.0" encoding="utf-8"?>
2<manifest xmlns:android="http://schemas.android.com/apk/res/android"
3    package="com.orthodox.charity"
4    android:versionCode="1"
5    android:versionName="1.0" >
6
7    <uses-sdk
8        android:minSdkVersion="26"
9        android:targetSdkVersion="34" />
10
11    <uses-permission android:name="android.permission.RECEIVE_BOOT_COMPLETED" />
11-->src\main\AndroidManifest.xml:4:5-80
11-->src\main\AndroidManifest.xml:4:22-78
12
13    <queries>
13-->[SmartSkyPosLib_v1.9.17.aar] AndroidManifest.xml:10:5-12:15
14        <package android:name="com.skytech.smartskypos" />
14-->[SmartSkyPosLib_v1.9.17.aar] AndroidManifest.xml:11:9-59
14-->[SmartSkyPosLib_v1.9.17.aar] AndroidManifest.xml:11:18-56
15    </queries>
16
17    <permission
17-->[androidx.core:core:1.12.0] AndroidManifest.xml:22:5-24:47
18        android:name="com.orthodox.charity.DYNAMIC_RECEIVER_NOT_EXPORTED_PERMISSION"
18-->[androidx.core:core:1.12.0] AndroidManifest.xml:23:9-81
19        android:protectionLevel="signature" />
19-->[androidx.core:core:1.12.0] AndroidManifest.xml:24:9-44
20
21    <uses-permission android:name="com.orthodox.charity.DYNAMIC_RECEIVER_NOT_EXPORTED_PERMISSION" />
21-->[androidx.core:core:1.12.0] AndroidManifest.xml:26:5-97
21-->[androidx.core:core:1.12.0] AndroidManifest.xml:26:22-94
22    <uses-permission android:name="android.permission.CAMERA" /> <!-- Don't require camera, as this requires a rear camera. This allows it to work on the Nexus 7 -->
22-->[com.journeyapps:zxing-android-embedded:4.3.0] AndroidManifest.xml:22:5-65
22-->[com.journeyapps:zxing-android-embedded:4.3.0] AndroidManifest.xml:22:22-62
23    <uses-feature
23-->[com.journeyapps:zxing-android-embedded:4.3.0] AndroidManifest.xml:25:5-27:36
24        android:name="android.hardware.camera"
24-->[com.journeyapps:zxing-android-embedded:4.3.0] AndroidManifest.xml:26:9-47
25        android:required="false" />
25-->[com.journeyapps:zxing-android-embedded:4.3.0] AndroidManifest.xml:27:9-33
26    <uses-feature
26-->[com.journeyapps:zxing-android-embedded:4.3.0] AndroidManifest.xml:28:5-30:36
27        android:name="android.hardware.camera.front"
27-->[com.journeyapps:zxing-android-embedded:4.3.0] AndroidManifest.xml:29:9-53
28        android:required="false" /> <!-- TODO replace above two with next line after Android 4.2 -->
28-->[com.journeyapps:zxing-android-embedded:4.3.0] AndroidManifest.xml:30:9-33
29    <!-- <uses-feature android:name="android.hardware.camera.any"/> -->
30    <uses-feature
30-->[com.journeyapps:zxing-android-embedded:4.3.0] AndroidManifest.xml:33:5-35:36
31        android:name="android.hardware.camera.autofocus"
31-->[com.journeyapps:zxing-android-embedded:4.3.0] AndroidManifest.xml:34:9-57
32        android:required="false" />
32-->[com.journeyapps:zxing-android-embedded:4.3.0] AndroidManifest.xml:35:9-33
33    <uses-feature
33-->[com.journeyapps:zxing-android-embedded:4.3.0] AndroidManifest.xml:36:5-38:36
34        android:name="android.hardware.camera.flash"
34-->[com.journeyapps:zxing-android-embedded:4.3.0] AndroidManifest.xml:37:9-53
35        android:required="false" />
35-->[com.journeyapps:zxing-android-embedded:4.3.0] AndroidManifest.xml:38:9-33
36    <uses-feature
36-->[com.journeyapps:zxing-android-embedded:4.3.0] AndroidManifest.xml:39:5-41:36
37        android:name="android.hardware.screen.landscape"
37-->[com.journeyapps:zxing-android-embedded:4.3.0] AndroidManifest.xml:40:9-57
38        android:required="false" />
38-->[com.journeyapps:zxing-android-embedded:4.3.0] AndroidManifest.xml:41:9-33
39    <uses-feature
39-->[com.journeyapps:zxing-android-embedded:4.3.0] AndroidManifest.xml:42:5-44:36
40        android:name="android.hardware.wifi"
40-->[com.journeyapps:zxing-android-embedded:4.3.0] AndroidManifest.xml:43:9-45
41        android:required="false" />
41-->[com.journeyapps:zxing-android-embedded:4.3.0] AndroidManifest.xml:44:9-33
42
43    <application
43-->src\main\AndroidManifest.xml:6:5-54:19
44        android:allowBackup="false"
44-->src\main\AndroidManifest.xml:7:9-36
45        android:appComponentFactory="androidx.core.app.CoreComponentFactory"
45-->[androidx.core:core:1.12.0] AndroidManifest.xml:28:18-86
46        android:debuggable="true"
47        android:extractNativeLibs="false"
48        android:hardwareAccelerated="true"
48-->src\main\AndroidManifest.xml:10:9-43
49        android:label="Пожертвование"
49-->src\main\AndroidManifest.xml:8:9-38
50        android:persistent="true"
50-->src\main\AndroidManifest.xml:11:9-34
51        android:supportsRtl="true"
51-->src\main\AndroidManifest.xml:9:9-35
52        android:testOnly="true"
53        android:theme="@android:style/Theme.Black.NoTitleBar.Fullscreen" >
53-->src\main\AndroidManifest.xml:12:9-73
54        <activity
54-->src\main\AndroidManifest.xml:14:9-27:20
55            android:name="com.orthodox.charity.MainActivity"
55-->src\main\AndroidManifest.xml:15:13-41
56            android:configChanges="orientation|screenSize|keyboardHidden"
56-->src\main\AndroidManifest.xml:20:13-74
57            android:exported="true"
57-->src\main\AndroidManifest.xml:16:13-36
58            android:lockTaskMode="if_whitelisted"
58-->src\main\AndroidManifest.xml:18:13-50
59            android:screenOrientation="portrait"
59-->src\main\AndroidManifest.xml:17:13-49
60            android:windowSoftInputMode="adjustResize" >
60-->src\main\AndroidManifest.xml:19:13-55
61            <intent-filter>
61-->src\main\AndroidManifest.xml:21:13-26:29
62                <action android:name="android.intent.action.MAIN" />
62-->src\main\AndroidManifest.xml:22:17-69
62-->src\main\AndroidManifest.xml:22:25-66
63
64                <category android:name="android.intent.category.LAUNCHER" />
64-->src\main\AndroidManifest.xml:23:17-77
64-->src\main\AndroidManifest.xml:23:27-74
65                <category android:name="android.intent.category.HOME" />
65-->src\main\AndroidManifest.xml:24:17-73
65-->src\main\AndroidManifest.xml:24:27-70
66                <category android:name="android.intent.category.DEFAULT" />
66-->src\main\AndroidManifest.xml:25:17-76
66-->src\main\AndroidManifest.xml:25:27-73
67            </intent-filter>
68        </activity>
69
70        <!-- Boot receiver — starts app on device boot -->
71        <receiver
71-->src\main\AndroidManifest.xml:30:9-39:20
72            android:name="com.orthodox.charity.BootReceiver"
72-->src\main\AndroidManifest.xml:31:13-41
73            android:enabled="true"
73-->src\main\AndroidManifest.xml:33:13-35
74            android:exported="true" >
74-->src\main\AndroidManifest.xml:32:13-36
75            <intent-filter>
75-->src\main\AndroidManifest.xml:34:13-38:29
76                <action android:name="android.intent.action.BOOT_COMPLETED" />
76-->src\main\AndroidManifest.xml:35:17-78
76-->src\main\AndroidManifest.xml:35:25-76
77                <action android:name="android.intent.action.LOCKED_BOOT_COMPLETED" />
77-->src\main\AndroidManifest.xml:36:17-85
77-->src\main\AndroidManifest.xml:36:25-83
78                <action android:name="android.intent.action.QUICKBOOT_POWERON" />
78-->src\main\AndroidManifest.xml:37:17-81
78-->src\main\AndroidManifest.xml:37:25-79
79            </intent-filter>
80        </receiver>
81
82        <!-- Device admin receiver — required for kiosk lock task mode -->
83        <receiver
83-->src\main\AndroidManifest.xml:42:9-52:20
84            android:name="com.orthodox.charity.AdminReceiver"
84-->src\main\AndroidManifest.xml:43:13-42
85            android:exported="true"
85-->src\main\AndroidManifest.xml:44:13-36
86            android:permission="android.permission.BIND_DEVICE_ADMIN" >
86-->src\main\AndroidManifest.xml:45:13-70
87            <meta-data
87-->src\main\AndroidManifest.xml:46:13-48:55
88                android:name="android.app.device_admin"
88-->src\main\AndroidManifest.xml:47:17-56
89                android:resource="@xml/device_admin" />
89-->src\main\AndroidManifest.xml:48:17-53
90
91            <intent-filter>
91-->src\main\AndroidManifest.xml:49:13-51:29
92                <action android:name="android.app.action.DEVICE_ADMIN_ENABLED" />
92-->src\main\AndroidManifest.xml:50:17-81
92-->src\main\AndroidManifest.xml:50:25-79
93            </intent-filter>
94        </receiver>
95
96        <activity
96-->[SmartSkyPosLib_v1.9.17.aar] AndroidManifest.xml:15:9-20:63
97            android:name="com.skytech.smartskyposlib.ui.SkyPaymentActivityV2"
97-->[SmartSkyPosLib_v1.9.17.aar] AndroidManifest.xml:16:13-78
98            android:clearTaskOnLaunch="true"
98-->[SmartSkyPosLib_v1.9.17.aar] AndroidManifest.xml:17:13-45
99            android:stateNotNeeded="true"
99-->[SmartSkyPosLib_v1.9.17.aar] AndroidManifest.xml:18:13-42
100            android:theme="@style/Skytech.Theme.Light"
100-->[SmartSkyPosLib_v1.9.17.aar] AndroidManifest.xml:19:13-55
101            android:windowSoftInputMode="stateAlwaysHidden" />
101-->[SmartSkyPosLib_v1.9.17.aar] AndroidManifest.xml:20:13-60
102        <activity
102-->[SmartSkyPosLib_v1.9.17.aar] AndroidManifest.xml:21:9-24:58
103            android:name="com.skytech.smartskyposlib.ui.QrScannerActivity"
103-->[SmartSkyPosLib_v1.9.17.aar] AndroidManifest.xml:22:13-75
104            android:screenOrientation="userPortrait"
104-->[SmartSkyPosLib_v1.9.17.aar] AndroidManifest.xml:23:13-53
105            android:theme="@style/Skytech.Theme.Light" />
105-->[SmartSkyPosLib_v1.9.17.aar] AndroidManifest.xml:24:13-55
106
107        <provider
107-->[androidx.emoji2:emoji2:1.3.0] AndroidManifest.xml:24:9-32:20
108            android:name="androidx.startup.InitializationProvider"
108-->[androidx.emoji2:emoji2:1.3.0] AndroidManifest.xml:25:13-67
109            android:authorities="com.orthodox.charity.androidx-startup"
109-->[androidx.emoji2:emoji2:1.3.0] AndroidManifest.xml:26:13-68
110            android:exported="false" >
110-->[androidx.emoji2:emoji2:1.3.0] AndroidManifest.xml:27:13-37
111            <meta-data
111-->[androidx.emoji2:emoji2:1.3.0] AndroidManifest.xml:29:13-31:52
112                android:name="androidx.emoji2.text.EmojiCompatInitializer"
112-->[androidx.emoji2:emoji2:1.3.0] AndroidManifest.xml:30:17-75
113                android:value="androidx.startup" />
113-->[androidx.emoji2:emoji2:1.3.0] AndroidManifest.xml:31:17-49
114            <meta-data
114-->[androidx.lifecycle:lifecycle-process:2.7.0] AndroidManifest.xml:29:13-31:52
115                android:name="androidx.lifecycle.ProcessLifecycleInitializer"
115-->[androidx.lifecycle:lifecycle-process:2.7.0] AndroidManifest.xml:30:17-78
116                android:value="androidx.startup" />
116-->[androidx.lifecycle:lifecycle-process:2.7.0] AndroidManifest.xml:31:17-49
117            <meta-data
117-->[androidx.profileinstaller:profileinstaller:1.3.0] AndroidManifest.xml:29:13-31:52
118                android:name="androidx.profileinstaller.ProfileInstallerInitializer"
118-->[androidx.profileinstaller:profileinstaller:1.3.0] AndroidManifest.xml:30:17-85
119                android:value="androidx.startup" />
119-->[androidx.profileinstaller:profileinstaller:1.3.0] AndroidManifest.xml:31:17-49
120        </provider>
121
122        <receiver
122-->[androidx.profileinstaller:profileinstaller:1.3.0] AndroidManifest.xml:34:9-52:20
123            android:name="androidx.profileinstaller.ProfileInstallReceiver"
123-->[androidx.profileinstaller:profileinstaller:1.3.0] AndroidManifest.xml:35:13-76
124            android:directBootAware="false"
124-->[androidx.profileinstaller:profileinstaller:1.3.0] AndroidManifest.xml:36:13-44
125            android:enabled="true"
125-->[androidx.profileinstaller:profileinstaller:1.3.0] AndroidManifest.xml:37:13-35
126            android:exported="true"
126-->[androidx.profileinstaller:profileinstaller:1.3.0] AndroidManifest.xml:38:13-36
127            android:permission="android.permission.DUMP" >
127-->[androidx.profileinstaller:profileinstaller:1.3.0] AndroidManifest.xml:39:13-57
128            <intent-filter>
128-->[androidx.profileinstaller:profileinstaller:1.3.0] AndroidManifest.xml:40:13-42:29
129                <action android:name="androidx.profileinstaller.action.INSTALL_PROFILE" />
129-->[androidx.profileinstaller:profileinstaller:1.3.0] AndroidManifest.xml:41:17-91
129-->[androidx.profileinstaller:profileinstaller:1.3.0] AndroidManifest.xml:41:25-88
130            </intent-filter>
131            <intent-filter>
131-->[androidx.profileinstaller:profileinstaller:1.3.0] AndroidManifest.xml:43:13-45:29
132                <action android:name="androidx.profileinstaller.action.SKIP_FILE" />
132-->[androidx.profileinstaller:profileinstaller:1.3.0] AndroidManifest.xml:44:17-85
132-->[androidx.profileinstaller:profileinstaller:1.3.0] AndroidManifest.xml:44:25-82
133            </intent-filter>
134            <intent-filter>
134-->[androidx.profileinstaller:profileinstaller:1.3.0] AndroidManifest.xml:46:13-48:29
135                <action android:name="androidx.profileinstaller.action.SAVE_PROFILE" />
135-->[androidx.profileinstaller:profileinstaller:1.3.0] AndroidManifest.xml:47:17-88
135-->[androidx.profileinstaller:profileinstaller:1.3.0] AndroidManifest.xml:47:25-85
136            </intent-filter>
137            <intent-filter>
137-->[androidx.profileinstaller:profileinstaller:1.3.0] AndroidManifest.xml:49:13-51:29
138                <action android:name="androidx.profileinstaller.action.BENCHMARK_OPERATION" />
138-->[androidx.profileinstaller:profileinstaller:1.3.0] AndroidManifest.xml:50:17-95
138-->[androidx.profileinstaller:profileinstaller:1.3.0] AndroidManifest.xml:50:25-92
139            </intent-filter>
140        </receiver>
141
142        <activity
142-->[com.journeyapps:zxing-android-embedded:4.3.0] AndroidManifest.xml:47:9-53:63
143            android:name="com.journeyapps.barcodescanner.CaptureActivity"
143-->[com.journeyapps:zxing-android-embedded:4.3.0] AndroidManifest.xml:48:13-74
144            android:clearTaskOnLaunch="true"
144-->[com.journeyapps:zxing-android-embedded:4.3.0] AndroidManifest.xml:49:13-45
145            android:screenOrientation="sensorLandscape"
145-->[com.journeyapps:zxing-android-embedded:4.3.0] AndroidManifest.xml:50:13-56
146            android:stateNotNeeded="true"
146-->[com.journeyapps:zxing-android-embedded:4.3.0] AndroidManifest.xml:51:13-42
147            android:theme="@style/zxing_CaptureTheme"
147-->[com.journeyapps:zxing-android-embedded:4.3.0] AndroidManifest.xml:52:13-54
148            android:windowSoftInputMode="stateAlwaysHidden" />
148-->[com.journeyapps:zxing-android-embedded:4.3.0] AndroidManifest.xml:53:13-60
149    </application>
150
151</manifest>